ansible 2.8.5
  config file = /etc/ansible/ansible.cfg
  configured module search path = [u'/home/rps/.ansible/plugins/modules', u'/usr/share/ansible/plugins/modules']
  ansible python module location = /usr/lib/python2.7/site-packages/ansible
  executable location = /bin/ansible
  python version = 2.7.5 (default, Oct 30 2018, 23:45:53) [GCC 4.8.5 20150623 (Red Hat 4.8.5-36)]
Using /etc/ansible/ansible.cfg as config file
setting up inventory plugins
host_list declined parsing /home/rps/Training/Day2/AnsibleRecommendedDirectoryStructure/hosts as it did not pass it's verify_file() method
script declined parsing /home/rps/Training/Day2/AnsibleRecommendedDirectoryStructure/hosts as it did not pass it's verify_file() method
auto declined parsing /home/rps/Training/Day2/AnsibleRecommendedDirectoryStructure/hosts as it did not pass it's verify_file() method
Parsed /home/rps/Training/Day2/AnsibleRecommendedDirectoryStructure/hosts inventory source with ini plugin
Loading callback plugin minimal of type stdout, v2.0 from /usr/lib/python2.7/site-packages/ansible/plugins/callback/minimal.pyc
META: ran handlers
<localhost> ESTABLISH SSH CONNECTION FOR USER: root
<localhost> SSH: EXEC ssh -vvv -C -o ControlMaster=auto -o ControlPersist=60s -o Port=2002 -o 'IdentityFile="/home/rps/.ssh/id_rsa"' -o KbdInteractiveAuthentication=no -o PreferredAuthentications=gssapi-with-mic,gssapi-keyex,hostbased,publickey -o PasswordAuthentication=no -o 'User="root"' -o ConnectTimeout=10 -o ControlPath=/home/rps/.ansible/cp/ca10be3a0f localhost '/bin/sh -c '"'"'echo ~root && sleep 0'"'"''
<localhost> ESTABLISH SSH CONNECTION FOR USER: root
<localhost> SSH: EXEC ssh -vvv -C -o ControlMaster=auto -o ControlPersist=60s -o Port=2001 -o 'IdentityFile="/home/rps/.ssh/id_rsa"' -o KbdInteractiveAuthentication=no -o PreferredAuthentications=gssapi-with-mic,gssapi-keyex,hostbased,publickey -o PasswordAuthentication=no -o 'User="root"' -o ConnectTimeout=10 -o ControlPath=/home/rps/.ansible/cp/69ebd5c64d localhost '/bin/sh -c '"'"'echo ~root && sleep 0'"'"''
<localhost> (0, '/root\n', 'OpenSSH_7.4p1, OpenSSL 1.0.2k-fips  26 Jan 2017\r\ndebug1: Reading configuration data /etc/ssh/ssh_config\r\ndebug1: /etc/ssh/ssh_config line 58: Applying options for *\r\ndebug1: auto-mux: Trying existing master\r\ndebug2: fd 3 setting O_NONBLOCK\r\ndebug2: mux_client_hello_exchange: master version 4\r\ndebug3: mux_client_forwards: request forwardings: 0 local, 0 remote\r\ndebug3: mux_client_request_session: entering\r\ndebug3: mux_client_request_alive: entering\r\ndebug3: mux_client_request_alive: done pid = 71368\r\ndebug3: mux_client_request_session: session request sent\r\ndebug1: mux_client_request_session: master session id: 2\r\ndebug3: mux_client_read_packet: read header failed: Broken pipe\r\ndebug2: Received exit status from master 0\r\n')
<localhost> ESTABLISH SSH CONNECTION FOR USER: root
<localhost> SSH: EXEC ssh -vvv -C -o ControlMaster=auto -o ControlPersist=60s -o Port=2002 -o 'IdentityFile="/home/rps/.ssh/id_rsa"' -o KbdInteractiveAuthentication=no -o PreferredAuthentications=gssapi-with-mic,gssapi-keyex,hostbased,publickey -o PasswordAuthentication=no -o 'User="root"' -o ConnectTimeout=10 -o ControlPath=/home/rps/.ansible/cp/ca10be3a0f localhost '/bin/sh -c '"'"'( umask 77 && mkdir -p "` echo /root/.ansible/tmp/ansible-tmp-1573553251.05-233903065240602 `" && echo ansible-tmp-1573553251.05-233903065240602="` echo /root/.ansible/tmp/ansible-tmp-1573553251.05-233903065240602 `" ) && sleep 0'"'"''
<localhost> (0, '/root\n', 'OpenSSH_7.4p1, OpenSSL 1.0.2k-fips  26 Jan 2017\r\ndebug1: Reading configuration data /etc/ssh/ssh_config\r\ndebug1: /etc/ssh/ssh_config line 58: Applying options for *\r\ndebug1: auto-mux: Trying existing master\r\ndebug2: fd 3 setting O_NONBLOCK\r\ndebug2: mux_client_hello_exchange: master version 4\r\ndebug3: mux_client_forwards: request forwardings: 0 local, 0 remote\r\ndebug3: mux_client_request_session: entering\r\ndebug3: mux_client_request_alive: entering\r\ndebug3: mux_client_request_alive: done pid = 71369\r\ndebug3: mux_client_request_session: session request sent\r\ndebug1: mux_client_request_session: master session id: 2\r\ndebug3: mux_client_read_packet: read header failed: Broken pipe\r\ndebug2: Received exit status from master 0\r\n')
<localhost> ESTABLISH SSH CONNECTION FOR USER: root
<localhost> SSH: EXEC ssh -vvv -C -o ControlMaster=auto -o ControlPersist=60s -o Port=2001 -o 'IdentityFile="/home/rps/.ssh/id_rsa"' -o KbdInteractiveAuthentication=no -o PreferredAuthentications=gssapi-with-mic,gssapi-keyex,hostbased,publickey -o PasswordAuthentication=no -o 'User="root"' -o ConnectTimeout=10 -o ControlPath=/home/rps/.ansible/cp/69ebd5c64d localhost '/bin/sh -c '"'"'( umask 77 && mkdir -p "` echo /root/.ansible/tmp/ansible-tmp-1573553251.06-150450475177133 `" && echo ansible-tmp-1573553251.06-150450475177133="` echo /root/.ansible/tmp/ansible-tmp-1573553251.06-150450475177133 `" ) && sleep 0'"'"''
<localhost> (0, 'ansible-tmp-1573553251.05-233903065240602=/root/.ansible/tmp/ansible-tmp-1573553251.05-233903065240602\n', 'OpenSSH_7.4p1, OpenSSL 1.0.2k-fips  26 Jan 2017\r\ndebug1: Reading configuration data /etc/ssh/ssh_config\r\ndebug1: /etc/ssh/ssh_config line 58: Applying options for *\r\ndebug1: auto-mux: Trying existing master\r\ndebug2: fd 3 setting O_NONBLOCK\r\ndebug2: mux_client_hello_exchange: master version 4\r\ndebug3: mux_client_forwards: request forwardings: 0 local, 0 remote\r\ndebug3: mux_client_request_session: entering\r\ndebug3: mux_client_request_alive: entering\r\ndebug3: mux_client_request_alive: done pid = 71368\r\ndebug3: mux_client_request_session: session request sent\r\ndebug1: mux_client_request_session: master session id: 2\r\ndebug3: mux_client_read_packet: read header failed: Broken pipe\r\ndebug2: Received exit status from master 0\r\n')
<localhost> (0, 'ansible-tmp-1573553251.06-150450475177133=/root/.ansible/tmp/ansible-tmp-1573553251.06-150450475177133\n', 'OpenSSH_7.4p1, OpenSSL 1.0.2k-fips  26 Jan 2017\r\ndebug1: Reading configuration data /etc/ssh/ssh_config\r\ndebug1: /etc/ssh/ssh_config line 58: Applying options for *\r\ndebug1: auto-mux: Trying existing master\r\ndebug2: fd 3 setting O_NONBLOCK\r\ndebug2: mux_client_hello_exchange: master version 4\r\ndebug3: mux_client_forwards: request forwardings: 0 local, 0 remote\r\ndebug3: mux_client_request_session: entering\r\ndebug3: mux_client_request_alive: entering\r\ndebug3: mux_client_request_alive: done pid = 71369\r\ndebug3: mux_client_request_session: session request sent\r\ndebug1: mux_client_request_session: master session id: 2\r\ndebug3: mux_client_read_packet: read header failed: Broken pipe\r\ndebug2: Received exit status from master 0\r\n')
<ubuntu2> Attempting python interpreter discovery
<localhost> ESTABLISH SSH CONNECTION FOR USER: root
<localhost> SSH: EXEC ssh -vvv -C -o ControlMaster=auto -o ControlPersist=60s -o Port=2002 -o 'IdentityFile="/home/rps/.ssh/id_rsa"' -o KbdInteractiveAuthentication=no -o PreferredAuthentications=gssapi-with-mic,gssapi-keyex,hostbased,publickey -o PasswordAuthentication=no -o 'User="root"' -o ConnectTimeout=10 -o ControlPath=/home/rps/.ansible/cp/ca10be3a0f localhost '/bin/sh -c '"'"'echo PLATFORM; uname; echo FOUND; command -v '"'"'"'"'"'"'"'"'/usr/bin/python'"'"'"'"'"'"'"'"'; command -v '"'"'"'"'"'"'"'"'python3.7'"'"'"'"'"'"'"'"'; command -v '"'"'"'"'"'"'"'"'python3.6'"'"'"'"'"'"'"'"'; command -v '"'"'"'"'"'"'"'"'python3.5'"'"'"'"'"'"'"'"'; command -v '"'"'"'"'"'"'"'"'python2.7'"'"'"'"'"'"'"'"'; command -v '"'"'"'"'"'"'"'"'python2.6'"'"'"'"'"'"'"'"'; command -v '"'"'"'"'"'"'"'"'/usr/libexec/platform-python'"'"'"'"'"'"'"'"'; command -v '"'"'"'"'"'"'"'"'/usr/bin/python3'"'"'"'"'"'"'"'"'; command -v '"'"'"'"'"'"'"'"'python'"'"'"'"'"'"'"'"'; echo ENDFOUND && sleep 0'"'"''
<ubuntu1> Attempting python interpreter discovery
<localhost> ESTABLISH SSH CONNECTION FOR USER: root
<localhost> SSH: EXEC ssh -vvv -C -o ControlMaster=auto -o ControlPersist=60s -o Port=2001 -o 'IdentityFile="/home/rps/.ssh/id_rsa"' -o KbdInteractiveAuthentication=no -o PreferredAuthentications=gssapi-with-mic,gssapi-keyex,hostbased,publickey -o PasswordAuthentication=no -o 'User="root"' -o ConnectTimeout=10 -o ControlPath=/home/rps/.ansible/cp/69ebd5c64d localhost '/bin/sh -c '"'"'echo PLATFORM; uname; echo FOUND; command -v '"'"'"'"'"'"'"'"'/usr/bin/python'"'"'"'"'"'"'"'"'; command -v '"'"'"'"'"'"'"'"'python3.7'"'"'"'"'"'"'"'"'; command -v '"'"'"'"'"'"'"'"'python3.6'"'"'"'"'"'"'"'"'; command -v '"'"'"'"'"'"'"'"'python3.5'"'"'"'"'"'"'"'"'; command -v '"'"'"'"'"'"'"'"'python2.7'"'"'"'"'"'"'"'"'; command -v '"'"'"'"'"'"'"'"'python2.6'"'"'"'"'"'"'"'"'; command -v '"'"'"'"'"'"'"'"'/usr/libexec/platform-python'"'"'"'"'"'"'"'"'; command -v '"'"'"'"'"'"'"'"'/usr/bin/python3'"'"'"'"'"'"'"'"'; command -v '"'"'"'"'"'"'"'"'python'"'"'"'"'"'"'"'"'; echo ENDFOUND && sleep 0'"'"''
<localhost> (0, 'PLATFORM\nLinux\nFOUND\n/usr/bin/python\n/usr/bin/python3.5\n/usr/bin/python2.7\n/usr/bin/python3\n/usr/bin/python\nENDFOUND\n', 'OpenSSH_7.4p1, OpenSSL 1.0.2k-fips  26 Jan 2017\r\ndebug1: Reading configuration data /etc/ssh/ssh_config\r\ndebug1: /etc/ssh/ssh_config line 58: Applying options for *\r\ndebug1: auto-mux: Trying existing master\r\ndebug2: fd 3 setting O_NONBLOCK\r\ndebug2: mux_client_hello_exchange: master version 4\r\ndebug3: mux_client_forwards: request forwardings: 0 local, 0 remote\r\ndebug3: mux_client_request_session: entering\r\ndebug3: mux_client_request_alive: entering\r\ndebug3: mux_client_request_alive: done pid = 71369\r\ndebug3: mux_client_request_session: session request sent\r\ndebug1: mux_client_request_session: master session id: 2\r\ndebug3: mux_client_read_packet: read header failed: Broken pipe\r\ndebug2: Received exit status from master 0\r\n')
<localhost> ESTABLISH SSH CONNECTION FOR USER: root
<localhost> SSH: EXEC ssh -vvv -C -o ControlMaster=auto -o ControlPersist=60s -o Port=2001 -o 'IdentityFile="/home/rps/.ssh/id_rsa"' -o KbdInteractiveAuthentication=no -o PreferredAuthentications=gssapi-with-mic,gssapi-keyex,hostbased,publickey -o PasswordAuthentication=no -o 'User="root"' -o ConnectTimeout=10 -o ControlPath=/home/rps/.ansible/cp/69ebd5c64d localhost '/bin/sh -c '"'"'/usr/bin/python && sleep 0'"'"''
<localhost> (0, 'PLATFORM\nLinux\nFOUND\n/usr/bin/python\n/usr/bin/python3.5\n/usr/bin/python2.7\n/usr/bin/python3\n/usr/bin/python\nENDFOUND\n', 'OpenSSH_7.4p1, OpenSSL 1.0.2k-fips  26 Jan 2017\r\ndebug1: Reading configuration data /etc/ssh/ssh_config\r\ndebug1: /etc/ssh/ssh_config line 58: Applying options for *\r\ndebug1: auto-mux: Trying existing master\r\ndebug2: fd 3 setting O_NONBLOCK\r\ndebug2: mux_client_hello_exchange: master version 4\r\ndebug3: mux_client_forwards: request forwardings: 0 local, 0 remote\r\ndebug3: mux_client_request_session: entering\r\ndebug3: mux_client_request_alive: entering\r\ndebug3: mux_client_request_alive: done pid = 71368\r\ndebug3: mux_client_request_session: session request sent\r\ndebug1: mux_client_request_session: master session id: 2\r\ndebug3: mux_client_read_packet: read header failed: Broken pipe\r\ndebug2: Received exit status from master 0\r\n')
<localhost> ESTABLISH SSH CONNECTION FOR USER: root
<localhost> SSH: EXEC ssh -vvv -C -o ControlMaster=auto -o ControlPersist=60s -o Port=2002 -o 'IdentityFile="/home/rps/.ssh/id_rsa"' -o KbdInteractiveAuthentication=no -o PreferredAuthentications=gssapi-with-mic,gssapi-keyex,hostbased,publickey -o PasswordAuthentication=no -o 'User="root"' -o ConnectTimeout=10 -o ControlPath=/home/rps/.ansible/cp/ca10be3a0f localhost '/bin/sh -c '"'"'/usr/bin/python && sleep 0'"'"''
<localhost> (0, '{"osrelease_content": "NAME=\\"Ubuntu\\"\\nVERSION=\\"16.04.6 LTS (Xenial Xerus)\\"\\nID=ubuntu\\nID_LIKE=debian\\nPRETTY_NAME=\\"Ubuntu 16.04.6 LTS\\"\\nVERSION_ID=\\"16.04\\"\\nHOME_URL=\\"http://www.ubuntu.com/\\"\\nSUPPORT_URL=\\"http://help.ubuntu.com/\\"\\nBUG_REPORT_URL=\\"http://bugs.launchpad.net/ubuntu/\\"\\nVERSION_CODENAME=xenial\\nUBUNTU_CODENAME=xenial\\n", "platform_dist_result": ["Ubuntu", "16.04", "xenial"]}\n', 'OpenSSH_7.4p1, OpenSSL 1.0.2k-fips  26 Jan 2017\r\ndebug1: Reading configuration data /etc/ssh/ssh_config\r\ndebug1: /etc/ssh/ssh_config line 58: Applying options for *\r\ndebug1: auto-mux: Trying existing master\r\ndebug2: fd 3 setting O_NONBLOCK\r\ndebug2: mux_client_hello_exchange: master version 4\r\ndebug3: mux_client_forwards: request forwardings: 0 local, 0 remote\r\ndebug3: mux_client_request_session: entering\r\ndebug3: mux_client_request_alive: entering\r\ndebug3: mux_client_request_alive: done pid = 71369\r\ndebug3: mux_client_request_session: session request sent\r\ndebug1: mux_client_request_session: master session id: 2\r\ndebug3: mux_client_read_packet: read header failed: Broken pipe\r\ndebug2: Received exit status from master 0\r\n')
Using module file /usr/lib/python2.7/site-packages/ansible/modules/system/ping.py
<localhost> PUT /home/rps/.ansible/tmp/ansible-local-72453nBoS1a/tmptGnBcC TO /root/.ansible/tmp/ansible-tmp-1573553251.06-150450475177133/AnsiballZ_ping.py
<localhost> SSH: EXEC sftp -b - -vvv -C -o ControlMaster=auto -o ControlPersist=60s -o Port=2001 -o 'IdentityFile="/home/rps/.ssh/id_rsa"' -o KbdInteractiveAuthentication=no -o PreferredAuthentications=gssapi-with-mic,gssapi-keyex,hostbased,publickey -o PasswordAuthentication=no -o 'User="root"' -o ConnectTimeout=10 -o ControlPath=/home/rps/.ansible/cp/69ebd5c64d '[localhost]'
<localhost> (0, '{"osrelease_content": "NAME=\\"Ubuntu\\"\\nVERSION=\\"16.04.6 LTS (Xenial Xerus)\\"\\nID=ubuntu\\nID_LIKE=debian\\nPRETTY_NAME=\\"Ubuntu 16.04.6 LTS\\"\\nVERSION_ID=\\"16.04\\"\\nHOME_URL=\\"http://www.ubuntu.com/\\"\\nSUPPORT_URL=\\"http://help.ubuntu.com/\\"\\nBUG_REPORT_URL=\\"http://bugs.launchpad.net/ubuntu/\\"\\nVERSION_CODENAME=xenial\\nUBUNTU_CODENAME=xenial\\n", "platform_dist_result": ["Ubuntu", "16.04", "xenial"]}\n', 'OpenSSH_7.4p1, OpenSSL 1.0.2k-fips  26 Jan 2017\r\ndebug1: Reading configuration data /etc/ssh/ssh_config\r\ndebug1: /etc/ssh/ssh_config line 58: Applying options for *\r\ndebug1: auto-mux: Trying existing master\r\ndebug2: fd 3 setting O_NONBLOCK\r\ndebug2: mux_client_hello_exchange: master version 4\r\ndebug3: mux_client_forwards: request forwardings: 0 local, 0 remote\r\ndebug3: mux_client_request_session: entering\r\ndebug3: mux_client_request_alive: entering\r\ndebug3: mux_client_request_alive: done pid = 71368\r\ndebug3: mux_client_request_session: session request sent\r\ndebug1: mux_client_request_session: master session id: 2\r\ndebug3: mux_client_read_packet: read header failed: Broken pipe\r\ndebug2: Received exit status from master 0\r\n')
Using module file /usr/lib/python2.7/site-packages/ansible/modules/system/ping.py
<localhost> PUT /home/rps/.ansible/tmp/ansible-local-72453nBoS1a/tmpCE2Ggz TO /root/.ansible/tmp/ansible-tmp-1573553251.05-233903065240602/AnsiballZ_ping.py
<localhost> SSH: EXEC sftp -b - -vvv -C -o ControlMaster=auto -o ControlPersist=60s -o Port=2002 -o 'IdentityFile="/home/rps/.ssh/id_rsa"' -o KbdInteractiveAuthentication=no -o PreferredAuthentications=gssapi-with-mic,gssapi-keyex,hostbased,publickey -o PasswordAuthentication=no -o 'User="root"' -o ConnectTimeout=10 -o ControlPath=/home/rps/.ansible/cp/ca10be3a0f '[localhost]'
<localhost> (0, 'sftp> put /home/rps/.ansible/tmp/ansible-local-72453nBoS1a/tmptGnBcC /root/.ansible/tmp/ansible-tmp-1573553251.06-150450475177133/AnsiballZ_ping.py\n', 'OpenSSH_7.4p1, OpenSSL 1.0.2k-fips  26 Jan 2017\r\ndebug1: Reading configuration data /etc/ssh/ssh_config\r\ndebug1: /etc/ssh/ssh_config line 58: Applying options for *\r\ndebug1: auto-mux: Trying existing master\r\ndebug2: fd 3 setting O_NONBLOCK\r\ndebug2: mux_client_hello_exchange: master version 4\r\ndebug3: mux_client_forwards: request forwardings: 0 local, 0 remote\r\ndebug3: mux_client_request_session: entering\r\ndebug3: mux_client_request_alive: entering\r\ndebug3: mux_client_request_alive: done pid = 71369\r\ndebug3: mux_client_request_session: session request sent\r\ndebug1: mux_client_request_session: master session id: 2\r\ndebug2: Remote version: 3\r\ndebug2: Server supports extension "posix-rename@openssh.com" revision 1\r\ndebug2: Server supports extension "statvfs@openssh.com" revision 2\r\ndebug2: Server supports extension "fstatvfs@openssh.com" revision 2\r\ndebug2: Server supports extension "hardlink@openssh.com" revision 1\r\ndebug2: Server supports extension "fsync@openssh.com" revision 1\r\ndebug3: Sent message fd 7 T:16 I:1\r\ndebug3: SSH_FXP_REALPATH . -> /root size 0\r\ndebug3: Looking up /home/rps/.ansible/tmp/ansible-local-72453nBoS1a/tmptGnBcC\r\ndebug3: Sent message fd 7 T:17 I:2\r\ndebug3: Received stat reply T:101 I:2\r\ndebug1: Couldn\'t stat remote file: No such file or directory\r\ndebug3: Sent message SSH2_FXP_OPEN I:3 P:/root/.ansible/tmp/ansible-tmp-1573553251.06-150450475177133/AnsiballZ_ping.py\r\ndebug3: Sent message SSH2_FXP_WRITE I:4 O:0 S:32768\r\ndebug3: SSH2_FXP_STATUS 0\r\ndebug3: In write loop, ack for 4 32768 bytes at 0\r\ndebug3: Sent message SSH2_FXP_WRITE I:5 O:32768 S:32768\r\ndebug3: Sent message SSH2_FXP_WRITE I:6 O:65536 S:32768\r\ndebug3: Sent message SSH2_FXP_WRITE I:7 O:98304 S:3134\r\ndebug3: SSH2_FXP_STATUS 0\r\ndebug3: In write loop, ack for 5 32768 bytes at 32768\r\ndebug3: SSH2_FXP_STATUS 0\r\ndebug3: In write loop, ack for 6 32768 bytes at 65536\r\ndebug3: SSH2_FXP_STATUS 0\r\ndebug3: In write loop, ack for 7 3134 bytes at 98304\r\ndebug3: Sent message SSH2_FXP_CLOSE I:4\r\ndebug3: SSH2_FXP_STATUS 0\r\ndebug3: mux_client_read_packet: read header failed: Broken pipe\r\ndebug2: Received exit status from master 0\r\n')
<localhost> ESTABLISH SSH CONNECTION FOR USER: root
<localhost> SSH: EXEC ssh -vvv -C -o ControlMaster=auto -o ControlPersist=60s -o Port=2001 -o 'IdentityFile="/home/rps/.ssh/id_rsa"' -o KbdInteractiveAuthentication=no -o PreferredAuthentications=gssapi-with-mic,gssapi-keyex,hostbased,publickey -o PasswordAuthentication=no -o 'User="root"' -o ConnectTimeout=10 -o ControlPath=/home/rps/.ansible/cp/69ebd5c64d localhost '/bin/sh -c '"'"'chmod u+x /root/.ansible/tmp/ansible-tmp-1573553251.06-150450475177133/ /root/.ansible/tmp/ansible-tmp-1573553251.06-150450475177133/AnsiballZ_ping.py && sleep 0'"'"''
<localhost> (0, 'sftp> put /home/rps/.ansible/tmp/ansible-local-72453nBoS1a/tmpCE2Ggz /root/.ansible/tmp/ansible-tmp-1573553251.05-233903065240602/AnsiballZ_ping.py\n', 'OpenSSH_7.4p1, OpenSSL 1.0.2k-fips  26 Jan 2017\r\ndebug1: Reading configuration data /etc/ssh/ssh_config\r\ndebug1: /etc/ssh/ssh_config line 58: Applying options for *\r\ndebug1: auto-mux: Trying existing master\r\ndebug2: fd 3 setting O_NONBLOCK\r\ndebug2: mux_client_hello_exchange: master version 4\r\ndebug3: mux_client_forwards: request forwardings: 0 local, 0 remote\r\ndebug3: mux_client_request_session: entering\r\ndebug3: mux_client_request_alive: entering\r\ndebug3: mux_client_request_alive: done pid = 71368\r\ndebug3: mux_client_request_session: session request sent\r\ndebug1: mux_client_request_session: master session id: 2\r\ndebug2: Remote version: 3\r\ndebug2: Server supports extension "posix-rename@openssh.com" revision 1\r\ndebug2: Server supports extension "statvfs@openssh.com" revision 2\r\ndebug2: Server supports extension "fstatvfs@openssh.com" revision 2\r\ndebug2: Server supports extension "hardlink@openssh.com" revision 1\r\ndebug2: Server supports extension "fsync@openssh.com" revision 1\r\ndebug3: Sent message fd 7 T:16 I:1\r\ndebug3: SSH_FXP_REALPATH . -> /root size 0\r\ndebug3: Looking up /home/rps/.ansible/tmp/ansible-local-72453nBoS1a/tmpCE2Ggz\r\ndebug3: Sent message fd 7 T:17 I:2\r\ndebug3: Received stat reply T:101 I:2\r\ndebug1: Couldn\'t stat remote file: No such file or directory\r\ndebug3: Sent message SSH2_FXP_OPEN I:3 P:/root/.ansible/tmp/ansible-tmp-1573553251.05-233903065240602/AnsiballZ_ping.py\r\ndebug3: Sent message SSH2_FXP_WRITE I:4 O:0 S:32768\r\ndebug3: SSH2_FXP_STATUS 0\r\ndebug3: In write loop, ack for 4 32768 bytes at 0\r\ndebug3: Sent message SSH2_FXP_WRITE I:5 O:32768 S:32768\r\ndebug3: Sent message SSH2_FXP_WRITE I:6 O:65536 S:32768\r\ndebug3: Sent message SSH2_FXP_WRITE I:7 O:98304 S:3134\r\ndebug3: SSH2_FXP_STATUS 0\r\ndebug3: In write loop, ack for 5 32768 bytes at 32768\r\ndebug3: SSH2_FXP_STATUS 0\r\ndebug3: In write loop, ack for 6 32768 bytes at 65536\r\ndebug3: SSH2_FXP_STATUS 0\r\ndebug3: In write loop, ack for 7 3134 bytes at 98304\r\ndebug3: Sent message SSH2_FXP_CLOSE I:4\r\ndebug3: SSH2_FXP_STATUS 0\r\ndebug3: mux_client_read_packet: read header failed: Broken pipe\r\ndebug2: Received exit status from master 0\r\n')
<localhost> ESTABLISH SSH CONNECTION FOR USER: root
<localhost> SSH: EXEC ssh -vvv -C -o ControlMaster=auto -o ControlPersist=60s -o Port=2002 -o 'IdentityFile="/home/rps/.ssh/id_rsa"' -o KbdInteractiveAuthentication=no -o PreferredAuthentications=gssapi-with-mic,gssapi-keyex,hostbased,publickey -o PasswordAuthentication=no -o 'User="root"' -o ConnectTimeout=10 -o ControlPath=/home/rps/.ansible/cp/ca10be3a0f localhost '/bin/sh -c '"'"'chmod u+x /root/.ansible/tmp/ansible-tmp-1573553251.05-233903065240602/ /root/.ansible/tmp/ansible-tmp-1573553251.05-233903065240602/AnsiballZ_ping.py && sleep 0'"'"''
<localhost> (0, '', 'OpenSSH_7.4p1, OpenSSL 1.0.2k-fips  26 Jan 2017\r\ndebug1: Reading configuration data /etc/ssh/ssh_config\r\ndebug1: /etc/ssh/ssh_config line 58: Applying options for *\r\ndebug1: auto-mux: Trying existing master\r\ndebug2: fd 3 setting O_NONBLOCK\r\ndebug2: mux_client_hello_exchange: master version 4\r\ndebug3: mux_client_forwards: request forwardings: 0 local, 0 remote\r\ndebug3: mux_client_request_session: entering\r\ndebug3: mux_client_request_alive: entering\r\ndebug3: mux_client_request_alive: done pid = 71368\r\ndebug3: mux_client_request_session: session request sent\r\ndebug1: mux_client_request_session: master session id: 2\r\ndebug3: mux_client_read_packet: read header failed: Broken pipe\r\ndebug2: Received exit status from master 0\r\n')
<localhost> ESTABLISH SSH CONNECTION FOR USER: root
<localhost> SSH: EXEC ssh -vvv -C -o ControlMaster=auto -o ControlPersist=60s -o Port=2002 -o 'IdentityFile="/home/rps/.ssh/id_rsa"' -o KbdInteractiveAuthentication=no -o PreferredAuthentications=gssapi-with-mic,gssapi-keyex,hostbased,publickey -o PasswordAuthentication=no -o 'User="root"' -o ConnectTimeout=10 -o ControlPath=/home/rps/.ansible/cp/ca10be3a0f -tt localhost '/bin/sh -c '"'"'/usr/bin/python /root/.ansible/tmp/ansible-tmp-1573553251.05-233903065240602/AnsiballZ_ping.py && sleep 0'"'"''
<localhost> (0, '', 'OpenSSH_7.4p1, OpenSSL 1.0.2k-fips  26 Jan 2017\r\ndebug1: Reading configuration data /etc/ssh/ssh_config\r\ndebug1: /etc/ssh/ssh_config line 58: Applying options for *\r\ndebug1: auto-mux: Trying existing master\r\ndebug2: fd 3 setting O_NONBLOCK\r\ndebug2: mux_client_hello_exchange: master version 4\r\ndebug3: mux_client_forwards: request forwardings: 0 local, 0 remote\r\ndebug3: mux_client_request_session: entering\r\ndebug3: mux_client_request_alive: entering\r\ndebug3: mux_client_request_alive: done pid = 71369\r\ndebug3: mux_client_request_session: session request sent\r\ndebug1: mux_client_request_session: master session id: 2\r\ndebug3: mux_client_read_packet: read header failed: Broken pipe\r\ndebug2: Received exit status from master 0\r\n')
<localhost> ESTABLISH SSH CONNECTION FOR USER: root
<localhost> SSH: EXEC ssh -vvv -C -o ControlMaster=auto -o ControlPersist=60s -o Port=2001 -o 'IdentityFile="/home/rps/.ssh/id_rsa"' -o KbdInteractiveAuthentication=no -o PreferredAuthentications=gssapi-with-mic,gssapi-keyex,hostbased,publickey -o PasswordAuthentication=no -o 'User="root"' -o ConnectTimeout=10 -o ControlPath=/home/rps/.ansible/cp/69ebd5c64d -tt localhost '/bin/sh -c '"'"'/usr/bin/python /root/.ansible/tmp/ansible-tmp-1573553251.06-150450475177133/AnsiballZ_ping.py && sleep 0'"'"''
<localhost> (0, '\r\n{"invocation": {"module_args": {"data": "pong"}}, "ping": "pong"}\r\n', 'OpenSSH_7.4p1, OpenSSL 1.0.2k-fips  26 Jan 2017\r\ndebug1: Reading configuration data /etc/ssh/ssh_config\r\ndebug1: /etc/ssh/ssh_config line 58: Applying options for *\r\ndebug1: auto-mux: Trying existing master\r\ndebug2: fd 3 setting O_NONBLOCK\r\ndebug2: mux_client_hello_exchange: master version 4\r\ndebug3: mux_client_forwards: request forwardings: 0 local, 0 remote\r\ndebug3: mux_client_request_session: entering\r\ndebug3: mux_client_request_alive: entering\r\ndebug3: mux_client_request_alive: done pid = 71369\r\ndebug3: mux_client_request_session: session request sent\r\ndebug1: mux_client_request_session: master session id: 2\r\ndebug3: mux_client_read_packet: read header failed: Broken pipe\r\ndebug2: Received exit status from master 0\r\nShared connection to localhost closed.\r\n')
<localhost> ESTABLISH SSH CONNECTION FOR USER: root
<localhost> SSH: EXEC ssh -vvv -C -o ControlMaster=auto -o ControlPersist=60s -o Port=2001 -o 'IdentityFile="/home/rps/.ssh/id_rsa"' -o KbdInteractiveAuthentication=no -o PreferredAuthentications=gssapi-with-mic,gssapi-keyex,hostbased,publickey -o PasswordAuthentication=no -o 'User="root"' -o ConnectTimeout=10 -o ControlPath=/home/rps/.ansible/cp/69ebd5c64d localhost '/bin/sh -c '"'"'rm -f -r /root/.ansible/tmp/ansible-tmp-1573553251.06-150450475177133/ > /dev/null 2>&1 && sleep 0'"'"''
<localhost> (0, '\r\n{"invocation": {"module_args": {"data": "pong"}}, "ping": "pong"}\r\n', 'OpenSSH_7.4p1, OpenSSL 1.0.2k-fips  26 Jan 2017\r\ndebug1: Reading configuration data /etc/ssh/ssh_config\r\ndebug1: /etc/ssh/ssh_config line 58: Applying options for *\r\ndebug1: auto-mux: Trying existing master\r\ndebug2: fd 3 setting O_NONBLOCK\r\ndebug2: mux_client_hello_exchange: master version 4\r\ndebug3: mux_client_forwards: request forwardings: 0 local, 0 remote\r\ndebug3: mux_client_request_session: entering\r\ndebug3: mux_client_request_alive: entering\r\ndebug3: mux_client_request_alive: done pid = 71368\r\ndebug3: mux_client_request_session: session request sent\r\ndebug1: mux_client_request_session: master session id: 2\r\ndebug3: mux_client_read_packet: read header failed: Broken pipe\r\ndebug2: Received exit status from master 0\r\nShared connection to localhost closed.\r\n')
<localhost> ESTABLISH SSH CONNECTION FOR USER: root
<localhost> SSH: EXEC ssh -vvv -C -o ControlMaster=auto -o ControlPersist=60s -o Port=2002 -o 'IdentityFile="/home/rps/.ssh/id_rsa"' -o KbdInteractiveAuthentication=no -o PreferredAuthentications=gssapi-with-mic,gssapi-keyex,hostbased,publickey -o PasswordAuthentication=no -o 'User="root"' -o ConnectTimeout=10 -o ControlPath=/home/rps/.ansible/cp/ca10be3a0f localhost '/bin/sh -c '"'"'rm -f -r /root/.ansible/tmp/ansible-tmp-1573553251.05-233903065240602/ > /dev/null 2>&1 && sleep 0'"'"''
<localhost> (0, '', 'OpenSSH_7.4p1, OpenSSL 1.0.2k-fips  26 Jan 2017\r\ndebug1: Reading configuration data /etc/ssh/ssh_config\r\ndebug1: /etc/ssh/ssh_config line 58: Applying options for *\r\ndebug1: auto-mux: Trying existing master\r\ndebug2: fd 3 setting O_NONBLOCK\r\ndebug2: mux_client_hello_exchange: master version 4\r\ndebug3: mux_client_forwards: request forwardings: 0 local, 0 remote\r\ndebug3: mux_client_request_session: entering\r\ndebug3: mux_client_request_alive: entering\r\ndebug3: mux_client_request_alive: done pid = 71369\r\ndebug3: mux_client_request_session: session request sent\r\ndebug1: mux_client_request_session: master session id: 2\r\ndebug3: mux_client_read_packet: read header failed: Broken pipe\r\ndebug2: Received exit status from master 0\r\n')
[DEPRECATION WARNING]: Distribution Ubuntu 16.04 on host ubuntu1 should use 
/usr/bin/python3, but is using /usr/bin/python for backward compatibility with 
prior Ansible releases. A future Ansible release will default to using the 
discovered platform python for this host. See https://docs.ansible.com/ansible/
2.8/reference_appendices/interpreter_discovery.html for more information. This 
feature will be removed in version 2.12. Deprecation warnings can be disabled 
by setting deprecation_warnings=False in ansible.cfg.
ubuntu1 | SUCCESS => {
    "ansible_facts": {
        "discovered_interpreter_python": "/usr/bin/python"
    }, 
    "changed": false, 
    "invocation": {
        "module_args": {
            "data": "pong"
        }
    }, 
    "ping": "pong"
}
<localhost> (0, '', 'OpenSSH_7.4p1, OpenSSL 1.0.2k-fips  26 Jan 2017\r\ndebug1: Reading configuration data /etc/ssh/ssh_config\r\ndebug1: /etc/ssh/ssh_config line 58: Applying options for *\r\ndebug1: auto-mux: Trying existing master\r\ndebug2: fd 3 setting O_NONBLOCK\r\ndebug2: mux_client_hello_exchange: master version 4\r\ndebug3: mux_client_forwards: request forwardings: 0 local, 0 remote\r\ndebug3: mux_client_request_session: entering\r\ndebug3: mux_client_request_alive: entering\r\ndebug3: mux_client_request_alive: done pid = 71368\r\ndebug3: mux_client_request_session: session request sent\r\ndebug1: mux_client_request_session: master session id: 2\r\ndebug3: mux_client_read_packet: read header failed: Broken pipe\r\ndebug2: Received exit status from master 0\r\n')
[DEPRECATION WARNING]: Distribution Ubuntu 16.04 on host ubuntu2 should use 
/usr/bin/python3, but is using /usr/bin/python for backward compatibility with 
prior Ansible releases. A future Ansible release will default to using the 
discovered platform python for this host. See https://docs.ansible.com/ansible/
2.8/reference_appendices/interpreter_discovery.html for more information. This 
feature will be removed in version 2.12. Deprecation warnings can be disabled 
by setting deprecation_warnings=False in ansible.cfg.
ubuntu2 | SUCCESS => {
    "ansible_facts": {
        "discovered_interpreter_python": "/usr/bin/python"
    }, 
    "changed": false, 
    "invocation": {
        "module_args": {
            "data": "pong"
        }
    }, 
    "ping": "pong"
}
META: ran handlers
META: ran handlers
